<?xml version="1.0" encoding="UTF-8"?>
<!-- Generated by org.testng.reporters.JUnitXMLReporter -->
<testsuite ignored="2" hostname="Windows7" failures="0" tests="1" name="Test" time="1.245" errors="0" timestamp="2021-12-22T12:31:29 IST">
  <testcase classname="com.Vtiger.Generic.Baseclasses" name="@BeforeMethod logindetails" time="1.156">
    <failure type="java.lang.NullPointerException">
      <![CDATA[java.lang.NullPointerException
at org.openqa.selenium.support.pagefactory.DefaultElementLocator.findElement(DefaultElementLocator.java:69)
at org.openqa.selenium.support.pagefactory.internal.LocatingElementHandler.invoke(LocatingElementHandler.java:38)
at com.sun.proxy.$Proxy17.sendKeys(Unknown Source)
at com.Vtiger.ObjectRepo.Loginpage.logintoApp(Loginpage.java:46)
at com.Vtiger.Generic.Baseclasses.logindetails(Baseclasses.java:75)
at java.base/java.util.ArrayList.forEach(ArrayList.java:1541)
... Removed 31 stack frames]]>
    </failure>
  </testcase> <!-- @BeforeMethod logindetails -->
  <testcase classname="com.Vtiger.pomscripts.GroupingTest" name="CreateContactTestWindowHandle" time="0.0">
    <skipped/>
  </testcase> <!-- CreateContactTestWindowHandle -->
  <testcase classname="com.Vtiger.pomscripts.GroupingTest" name="TC001_CreateContact" time="0.0">
    <ignored/>
  </testcase> <!-- TC001_CreateContact -->
  <testcase classname="com.Vtiger.pomscripts.GroupingTest" name="Tc001_CreateOrgDDTest" time="0.0">
    <ignored/>
  </testcase> <!-- Tc001_CreateOrgDDTest -->
</testsuite> <!-- Test -->
